<?xml version="1.0" encoding="UTF-8"?>
<testsuite xmlns:xsi="http://www.w3.org/2001/XMLSchema-instance" xsi:noNamespaceSchemaLocation="https://maven.apache.org/surefire/maven-surefire-plugin/xsd/surefire-test-report-3.0.xsd" version="3.0" name="cucumberOptions.testRunner" time="8.627" tests="4" errors="0" skipped="0" failures="0">
  <properties>
[...]
</properties>
  <testcase name="Given User is in the login page" classname="Scenario: Successful login to internet banking" time="0">
    <system-out><![CDATA[Feature: Login to internet banking webpage
]]></system-out>
    <system-err><![CDATA[Starting ChromeDriver 93.0.4577.63 (ff5c0da2ec0adeaed5550e6c7e98417dac77d98a-refs/branch-heads/4577@{#1135}) on port 39389
Only local connections are allowed.
Please see https://chromedriver.chromium.org/security-considerations for suggestions on keeping ChromeDriver safe.
ChromeDriver was started successfully.
Sep 27, 2021 1:01:09 PM org.openqa.selenium.remote.ProtocolHandshake createSession
INFO: Detected dialect: W3C
]]></system-err>
  </testcase>
  <testcase name="When user logins with &quot;abc&quot; and pwd &quot;123&quot; and clicks login button" classname="Scenario: Successful login to internet banking" time="0"/>
  <testcase name="Then user is navigated to the home page of the internet banking account" classname="Scenario: Successful login to internet banking" time="0">
    <system-out><![CDATA[i am inside then method
]]></system-out>
  </testcase>
  <testcase name="" classname="Scenario: Successful login to internet banking" time="0.814"/>
</testsuite>